<?xml version="1.0" encoding="UTF-8"?>
<coverage generated="1720762502615" clover="3.2.0">
  <project timestamp="1720762502615" name="All files">
    <metrics statements="161" coveredstatements="119" conditionals="220" coveredconditionals="173" methods="40" coveredmethods="36" elements="421" coveredelements="328" complexity="0" loc="161" ncloc="161" packages="2" files="4" classes="4"/>
    <package name="config">
      <metrics statements="1" coveredstatements="1" conditionals="0" coveredconditionals="0" methods="0" coveredmethods="0"/>
      <file name="devDefault.js" path="/Users/swagpeet/Desktop/QuoteMind/Express-Server/config/devDefault.js">
        <metrics statements="1" coveredstatements="1" conditionals="0" coveredconditionals="0" methods="0" coveredmethods="0"/>
        <line num="1" count="13" type="stmt"/>
      </file>
    </package>
    <package name="utils">
      <metrics statements="160" coveredstatements="118" conditionals="220" coveredconditionals="173" methods="40" coveredmethods="36"/>
      <file name="AuthMiddleware.js" path="/Users/swagpeet/Desktop/QuoteMind/Express-Server/utils/AuthMiddleware.js">
        <metrics statements="26" coveredstatements="8" conditionals="16" coveredconditionals="0" methods="3" coveredmethods="1"/>
        <line num="2" count="1" type="stmt"/>
        <line num="3" count="1" type="stmt"/>
        <line num="4" count="1" type="stmt"/>
        <line num="7" count="0" type="stmt"/>
        <line num="8" count="0" type="cond" truecount="0" falsecount="4"/>
        <line num="9" count="0" type="stmt"/>
        <line num="11" count="0" type="stmt"/>
        <line num="12" count="0" type="cond" truecount="0" falsecount="2"/>
        <line num="13" count="0" type="cond" truecount="0" falsecount="2"/>
        <line num="15" count="0" type="stmt"/>
        <line num="16" count="0" type="cond" truecount="0" falsecount="2"/>
        <line num="19" count="0" type="cond" truecount="0" falsecount="2"/>
        <line num="20" count="0" type="cond" truecount="0" falsecount="2"/>
        <line num="21" count="0" type="stmt"/>
        <line num="25" count="0" type="cond" truecount="0" falsecount="2"/>
        <line num="26" count="0" type="stmt"/>
        <line num="27" count="0" type="stmt"/>
        <line num="29" count="0" type="stmt"/>
        <line num="30" count="0" type="stmt"/>
        <line num="35" count="1" type="stmt"/>
        <line num="36" count="1" type="stmt"/>
        <line num="37" count="1" type="stmt"/>
        <line num="38" count="1" type="stmt"/>
        <line num="40" count="0" type="stmt"/>
        <line num="41" count="0" type="stmt"/>
        <line num="45" count="1" type="stmt"/>
      </file>
      <file name="Configurator.js" path="/Users/swagpeet/Desktop/QuoteMind/Express-Server/utils/Configurator.js">
        <metrics statements="16" coveredstatements="11" conditionals="6" coveredconditionals="2" methods="4" coveredmethods="2"/>
        <line num="2" count="13" type="stmt"/>
        <line num="7" count="13" type="stmt"/>
        <line num="8" count="13" type="stmt"/>
        <line num="9" count="13" type="stmt"/>
        <line num="10" count="13" type="stmt"/>
        <line num="11" count="0" type="stmt"/>
        <line num="14" count="13" type="stmt"/>
        <line num="26" count="16" type="stmt"/>
        <line num="27" count="16" type="cond" truecount="1" falsecount="3"/>
        <line num="29" count="0" type="stmt"/>
        <line num="31" count="0" type="stmt"/>
        <line num="33" count="16" type="stmt"/>
        <line num="35" count="0" type="stmt"/>
        <line num="40" count="2" type="stmt"/>
        <line num="43" count="0" type="stmt"/>
        <line num="46" count="13" type="stmt"/>
      </file>
      <file name="TestTools.js" path="/Users/swagpeet/Desktop/QuoteMind/Express-Server/utils/TestTools.js">
        <metrics statements="118" coveredstatements="99" conditionals="198" coveredconditionals="171" methods="33" coveredmethods="33"/>
        <line num="1" count="13" type="stmt"/>
        <line num="4" count="13" type="stmt"/>
        <line num="5" count="13" type="stmt"/>
        <line num="6" count="13" type="stmt"/>
        <line num="9" count="13" type="stmt"/>
        <line num="20" count="13" type="stmt"/>
        <line num="362" count="13" type="stmt"/>
        <line num="614" count="9" type="cond" truecount="8" falsecount="1"/>
        <line num="622" count="9" type="stmt"/>
        <line num="624" count="0" type="stmt"/>
        <line num="627" count="16" type="cond" truecount="3" falsecount="1"/>
        <line num="630" count="16" type="stmt"/>
        <line num="632" count="0" type="stmt"/>
        <line num="635" count="2" type="cond" truecount="9" falsecount="1"/>
        <line num="644" count="2" type="stmt"/>
        <line num="646" count="0" type="stmt"/>
        <line num="649" count="6" type="cond" truecount="5" falsecount="1"/>
        <line num="654" count="6" type="stmt"/>
        <line num="656" count="0" type="stmt"/>
        <line num="659" count="7" type="cond" truecount="3" falsecount="1"/>
        <line num="662" count="7" type="stmt"/>
        <line num="664" count="0" type="stmt"/>
        <line num="667" count="2" type="cond" truecount="8" falsecount="1"/>
        <line num="675" count="2" type="stmt"/>
        <line num="677" count="0" type="stmt"/>
        <line num="680" count="3" type="cond" truecount="8" falsecount="1"/>
        <line num="688" count="3" type="stmt"/>
        <line num="690" count="0" type="stmt"/>
        <line num="693" count="9" type="cond" truecount="7" falsecount="1"/>
        <line num="700" count="9" type="stmt"/>
        <line num="702" count="0" type="stmt"/>
        <line num="705" count="1" type="cond" truecount="3" falsecount="1"/>
        <line num="708" count="1" type="stmt"/>
        <line num="710" count="0" type="stmt"/>
        <line num="713" count="2" type="cond" truecount="8" falsecount="1"/>
        <line num="721" count="2" type="cond" truecount="4" falsecount="1"/>
        <line num="725" count="2" type="stmt"/>
        <line num="728" count="0" type="stmt"/>
        <line num="732" count="5" type="cond" truecount="4" falsecount="1"/>
        <line num="736" count="5" type="stmt"/>
        <line num="738" count="0" type="stmt"/>
        <line num="741" count="31" type="cond" truecount="4" falsecount="1"/>
        <line num="745" count="31" type="stmt"/>
        <line num="747" count="0" type="stmt"/>
        <line num="750" count="2" type="cond" truecount="5" falsecount="1"/>
        <line num="755" count="2" type="stmt"/>
        <line num="757" count="0" type="stmt"/>
        <line num="760" count="45" type="cond" truecount="4" falsecount="1"/>
        <line num="764" count="45" type="stmt"/>
        <line num="766" count="0" type="stmt"/>
        <line num="769" count="2" type="cond" truecount="5" falsecount="1"/>
        <line num="774" count="2" type="stmt"/>
        <line num="776" count="0" type="stmt"/>
        <line num="779" count="20" type="cond" truecount="12" falsecount="1"/>
        <line num="792" count="20" type="stmt"/>
        <line num="793" count="20" type="cond" truecount="2" falsecount="0"/>
        <line num="794" count="20" type="cond" truecount="2" falsecount="0"/>
        <line num="795" count="20" type="cond" truecount="2" falsecount="0"/>
        <line num="797" count="20" type="cond" truecount="5" falsecount="1"/>
        <line num="801" count="20" type="stmt"/>
        <line num="804" count="0" type="stmt"/>
        <line num="808" count="6" type="cond" truecount="3" falsecount="1"/>
        <line num="810" count="6" type="stmt"/>
        <line num="811" count="6" type="cond" truecount="1" falsecount="1"/>
        <line num="813" count="0" type="stmt"/>
        <line num="818" count="20" type="cond" truecount="24" falsecount="1"/>
        <line num="842" count="20" type="cond" truecount="2" falsecount="0"/>
        <line num="843" count="20" type="cond" truecount="1" falsecount="1"/>
        <line num="844" count="20" type="cond" truecount="4" falsecount="0"/>
        <line num="845" count="20" type="cond" truecount="4" falsecount="0"/>
        <line num="847" count="20" type="cond" truecount="2" falsecount="0"/>
        <line num="848" count="2" type="cond" truecount="2" falsecount="0"/>
        <line num="850" count="18" type="stmt"/>
        <line num="853" count="20" type="cond" truecount="2" falsecount="0"/>
        <line num="854" count="2" type="cond" truecount="2" falsecount="0"/>
        <line num="856" count="18" type="stmt"/>
        <line num="858" count="20" type="cond" truecount="7" falsecount="1"/>
        <line num="865" count="20" type="stmt"/>
        <line num="867" count="0" type="stmt"/>
        <line num="869" count="0" type="stmt"/>
        <line num="872" count="9" type="cond" truecount="1" falsecount="1"/>
        <line num="873" count="9" type="stmt"/>
        <line num="874" count="55" type="cond" truecount="3" falsecount="1"/>
        <line num="875" count="55" type="cond" truecount="1" falsecount="1"/>
        <line num="877" count="9" type="stmt"/>
        <line num="882" count="13" type="stmt"/>
        <line num="883" count="13" type="stmt"/>
        <line num="886" count="13" type="stmt"/>
        <line num="887" count="13" type="stmt"/>
        <line num="888" count="13" type="stmt"/>
        <line num="889" count="13" type="stmt"/>
        <line num="890" count="13" type="stmt"/>
        <line num="891" count="13" type="stmt"/>
        <line num="892" count="13" type="stmt"/>
        <line num="893" count="13" type="stmt"/>
        <line num="901" count="11" type="stmt"/>
        <line num="905" count="11" type="stmt"/>
        <line num="908" count="3" type="stmt"/>
        <line num="912" count="3" type="stmt"/>
        <line num="915" count="1" type="stmt"/>
        <line num="918" count="1" type="stmt"/>
        <line num="921" count="6" type="stmt"/>
        <line num="925" count="6" type="stmt"/>
        <line num="928" count="2" type="stmt"/>
        <line num="932" count="2" type="stmt"/>
        <line num="935" count="2" type="stmt"/>
        <line num="939" count="2" type="stmt"/>
        <line num="942" count="4" type="stmt"/>
        <line num="946" count="4" type="stmt"/>
        <line num="949" count="4" type="stmt"/>
        <line num="953" count="4" type="stmt"/>
        <line num="956" count="1" type="stmt"/>
        <line num="960" count="1" type="stmt"/>
        <line num="963" count="1" type="stmt"/>
        <line num="967" count="1" type="stmt"/>
        <line num="970" count="1" type="stmt"/>
        <line num="974" count="1" type="stmt"/>
        <line num="977" count="13" type="stmt"/>
      </file>
    </package>
  </project>
</coverage>
