{"/Users/swagpeet/Desktop/QuoteMind/Express-Server/config/devDefault.js": {"path":"/Users/swagpeet/Desktop/QuoteMind/Express-Server/config/devDefault.js","statementMap":{"0":{"start":{"line":1,"column":0},"end":{"line":70,"column":2}}},"fnMap":{},"branchMap":{},"s":{"0":13},"f":{},"b":{},"_coverageSchema":"1a1c01bbd47fc00a2c39e90264f33305004495a9","hash":"aa755f3432842f7b4f5367ac3efae33d7b977cbc"}
,"/Users/swagpeet/Desktop/QuoteMind/Express-Server/utils/AuthMiddleware.js": {"path":"/Users/swagpeet/Desktop/QuoteMind/Express-Server/utils/AuthMiddleware.js","statementMap":{"0":{"start":{"line":2,"column":12},"end":{"line":2,"column":35}},"1":{"start":{"line":3,"column":28},"end":{"line":3,"column":60}},"2":{"start":{"line":4,"column":11},"end":{"line":4,"column":28}},"3":{"start":{"line":7,"column":18},"end":{"line":7,"column":46}},"4":{"start":{"line":8,"column":4},"end":{"line":10,"column":5}},"5":{"start":{"line":9,"column":8},"end":{"line":9,"column":72}},"6":{"start":{"line":11,"column":4},"end":{"line":31,"column":7}},"7":{"start":{"line":12,"column":8},"end":{"line":12,"column":81}},"8":{"start":{"line":12,"column":17},"end":{"line":12,"column":81}},"9":{"start":{"line":13,"column":8},"end":{"line":13,"column":92}},"10":{"start":{"line":13,"column":28},"end":{"line":13,"column":92}},"11":{"start":{"line":15,"column":29},"end":{"line":15,"column":110}},"12":{"start":{"line":16,"column":8},"end":{"line":16,"column":91}},"13":{"start":{"line":16,"column":27},"end":{"line":16,"column":91}},"14":{"start":{"line":19,"column":8},"end":{"line":23,"column":9}},"15":{"start":{"line":20,"column":12},"end":{"line":22,"column":13}},"16":{"start":{"line":21,"column":16},"end":{"line":21,"column":80}},"17":{"start":{"line":25,"column":8},"end":{"line":28,"column":9}},"18":{"start":{"line":26,"column":12},"end":{"line":26,"column":106}},"19":{"start":{"line":27,"column":12},"end":{"line":27,"column":76}},"20":{"start":{"line":29,"column":8},"end":{"line":29,"column":41}},"21":{"start":{"line":30,"column":8},"end":{"line":30,"column":15}},"22":{"start":{"line":35,"column":4},"end":{"line":42,"column":5}},"23":{"start":{"line":36,"column":24},"end":{"line":36,"column":41}},"24":{"start":{"line":37,"column":28},"end":{"line":37,"column":57}},"25":{"start":{"line":38,"column":8},"end":{"line":38,"column":41}},"26":{"start":{"line":40,"column":8},"end":{"line":40,"column":54}},"27":{"start":{"line":41,"column":8},"end":{"line":41,"column":20}},"28":{"start":{"line":45,"column":0},"end":{"line":48,"column":2}}},"fnMap":{"0":{"name":"AuthenticationLogger","decl":{"start":{"line":6,"column":15},"end":{"line":6,"column":35}},"loc":{"start":{"line":6,"column":52},"end":{"line":32,"column":1}},"line":6},"1":{"name":"(anonymous_1)","decl":{"start":{"line":11,"column":45},"end":{"line":11,"column":46}},"loc":{"start":{"line":11,"column":69},"end":{"line":31,"column":5}},"line":11},"2":{"name":"isTokenExpired","decl":{"start":{"line":34,"column":9},"end":{"line":34,"column":23}},"loc":{"start":{"line":34,"column":31},"end":{"line":43,"column":1}},"line":34}},"branchMap":{"0":{"loc":{"start":{"line":8,"column":4},"end":{"line":10,"column":5}},"type":"if","locations":[{"start":{"line":8,"column":4},"end":{"line":10,"column":5}},{"start":{},"end":{}}],"line":8},"1":{"loc":{"start":{"line":8,"column":8},"end":{"line":8,"column":43}},"type":"binary-expr","locations":[{"start":{"line":8,"column":8},"end":{"line":8,"column":14}},{"start":{"line":8,"column":18},"end":{"line":8,"column":43}}],"line":8},"2":{"loc":{"start":{"line":12,"column":8},"end":{"line":12,"column":81}},"type":"if","locations":[{"start":{"line":12,"column":8},"end":{"line":12,"column":81}},{"start":{},"end":{}}],"line":12},"3":{"loc":{"start":{"line":13,"column":8},"end":{"line":13,"column":92}},"type":"if","locations":[{"start":{"line":13,"column":8},"end":{"line":13,"column":92}},{"start":{},"end":{}}],"line":13},"4":{"loc":{"start":{"line":16,"column":8},"end":{"line":16,"column":91}},"type":"if","locations":[{"start":{"line":16,"column":8},"end":{"line":16,"column":91}},{"start":{},"end":{}}],"line":16},"5":{"loc":{"start":{"line":19,"column":8},"end":{"line":23,"column":9}},"type":"if","locations":[{"start":{"line":19,"column":8},"end":{"line":23,"column":9}},{"start":{},"end":{}}],"line":19},"6":{"loc":{"start":{"line":20,"column":12},"end":{"line":22,"column":13}},"type":"if","locations":[{"start":{"line":20,"column":12},"end":{"line":22,"column":13}},{"start":{},"end":{}}],"line":20},"7":{"loc":{"start":{"line":25,"column":8},"end":{"line":28,"column":9}},"type":"if","locations":[{"start":{"line":25,"column":8},"end":{"line":28,"column":9}},{"start":{},"end":{}}],"line":25}},"s":{"0":1,"1":1,"2":1,"3":0,"4":0,"5":0,"6":0,"7":0,"8":0,"9":0,"10":0,"11":0,"12":0,"13":0,"14":0,"15":0,"16":0,"17":0,"18":0,"19":0,"20":0,"21":0,"22":1,"23":1,"24":1,"25":1,"26":0,"27":0,"28":1},"f":{"0":0,"1":0,"2":1},"b":{"0":[0,0],"1":[0,0],"2":[0,0],"3":[0,0],"4":[0,0],"5":[0,0],"6":[0,0],"7":[0,0]},"_coverageSchema":"1a1c01bbd47fc00a2c39e90264f33305004495a9","hash":"dc71957ce9e0494c9d6cfc59d0abda2e2c0b71c4"}
,"/Users/swagpeet/Desktop/QuoteMind/Express-Server/utils/Configurator.js": {"path":"/Users/swagpeet/Desktop/QuoteMind/Express-Server/utils/Configurator.js","statementMap":{"0":{"start":{"line":2,"column":0},"end":{"line":4,"column":3}},"1":{"start":{"line":7,"column":12},"end":{"line":7,"column":35}},"2":{"start":{"line":8,"column":18},"end":{"line":8,"column":24}},"3":{"start":{"line":9,"column":20},"end":{"line":9,"column":24}},"4":{"start":{"line":10,"column":0},"end":{"line":12,"column":3}},"5":{"start":{"line":11,"column":4},"end":{"line":11,"column":27}},"6":{"start":{"line":14,"column":11},"end":{"line":23,"column":2}},"7":{"start":{"line":26,"column":16},"end":{"line":26,"column":36}},"8":{"start":{"line":27,"column":4},"end":{"line":36,"column":5}},"9":{"start":{"line":29,"column":12},"end":{"line":29,"column":51}},"10":{"start":{"line":31,"column":12},"end":{"line":31,"column":52}},"11":{"start":{"line":33,"column":12},"end":{"line":33,"column":51}},"12":{"start":{"line":35,"column":12},"end":{"line":35,"column":51}},"13":{"start":{"line":40,"column":4},"end":{"line":40,"column":14}},"14":{"start":{"line":43,"column":4},"end":{"line":43,"column":26}},"15":{"start":{"line":46,"column":0},"end":{"line":50,"column":1}}},"fnMap":{"0":{"name":"(anonymous_0)","decl":{"start":{"line":10,"column":33},"end":{"line":10,"column":34}},"loc":{"start":{"line":10,"column":42},"end":{"line":12,"column":1}},"line":10},"1":{"name":"getConfiguration","decl":{"start":{"line":25,"column":9},"end":{"line":25,"column":25}},"loc":{"start":{"line":25,"column":28},"end":{"line":37,"column":1}},"line":25},"2":{"name":"getDBconnection","decl":{"start":{"line":39,"column":9},"end":{"line":39,"column":24}},"loc":{"start":{"line":39,"column":27},"end":{"line":41,"column":1}},"line":39},"3":{"name":"closeDBConnection","decl":{"start":{"line":42,"column":9},"end":{"line":42,"column":26}},"loc":{"start":{"line":42,"column":29},"end":{"line":44,"column":1}},"line":42}},"branchMap":{"0":{"loc":{"start":{"line":3,"column":10},"end":{"line":3,"column":74}},"type":"cond-expr","locations":[{"start":{"line":3,"column":50},"end":{"line":3,"column":61}},{"start":{"line":3,"column":63},"end":{"line":3,"column":74}}],"line":3},"1":{"loc":{"start":{"line":27,"column":4},"end":{"line":36,"column":5}},"type":"switch","locations":[{"start":{"line":28,"column":8},"end":{"line":29,"column":51}},{"start":{"line":30,"column":8},"end":{"line":31,"column":52}},{"start":{"line":32,"column":8},"end":{"line":33,"column":51}},{"start":{"line":34,"column":8},"end":{"line":35,"column":51}}],"line":27}},"s":{"0":13,"1":13,"2":13,"3":13,"4":13,"5":0,"6":13,"7":16,"8":16,"9":0,"10":0,"11":16,"12":0,"13":2,"14":0,"15":13},"f":{"0":0,"1":16,"2":2,"3":0},"b":{"0":[0,13],"1":[0,0,16,0]},"_coverageSchema":"1a1c01bbd47fc00a2c39e90264f33305004495a9","hash":"3e97fd5009b0969f6d4e9dc0853ba6864d4482d7"}
,"/Users/swagpeet/Desktop/QuoteMind/Express-Server/utils/TestTools.js": {"path":"/Users/swagpeet/Desktop/QuoteMind/Express-Server/utils/TestTools.js","statementMap":{"0":{"start":{"line":1,"column":0},"end":{"line":3,"column":3}},"1":{"start":{"line":4,"column":29},"end":{"line":4,"column":61}},"2":{"start":{"line":5,"column":15},"end":{"line":5,"column":33}},"3":{"start":{"line":6,"column":16},"end":{"line":6,"column":36}},"4":{"start":{"line":9,"column":25},"end":{"line":18,"column":1}},"5":{"start":{"line":20,"column":19},"end":{"line":359,"column":1}},"6":{"start":{"line":362,"column":28},"end":{"line":610,"column":1}},"7":{"start":{"line":614,"column":4},"end":{"line":623,"column":5}},"8":{"start":{"line":622,"column":8},"end":{"line":622,"column":20}},"9":{"start":{"line":624,"column":4},"end":{"line":624,"column":17}},"10":{"start":{"line":627,"column":4},"end":{"line":631,"column":5}},"11":{"start":{"line":630,"column":8},"end":{"line":630,"column":20}},"12":{"start":{"line":632,"column":4},"end":{"line":632,"column":16}},"13":{"start":{"line":635,"column":4},"end":{"line":645,"column":5}},"14":{"start":{"line":644,"column":8},"end":{"line":644,"column":20}},"15":{"start":{"line":646,"column":4},"end":{"line":646,"column":17}},"16":{"start":{"line":649,"column":4},"end":{"line":655,"column":5}},"17":{"start":{"line":654,"column":8},"end":{"line":654,"column":20}},"18":{"start":{"line":656,"column":4},"end":{"line":656,"column":17}},"19":{"start":{"line":659,"column":4},"end":{"line":663,"column":5}},"20":{"start":{"line":662,"column":8},"end":{"line":662,"column":20}},"21":{"start":{"line":664,"column":4},"end":{"line":664,"column":16}},"22":{"start":{"line":667,"column":4},"end":{"line":676,"column":5}},"23":{"start":{"line":675,"column":8},"end":{"line":675,"column":20}},"24":{"start":{"line":677,"column":4},"end":{"line":677,"column":17}},"25":{"start":{"line":680,"column":4},"end":{"line":689,"column":5}},"26":{"start":{"line":688,"column":8},"end":{"line":688,"column":20}},"27":{"start":{"line":690,"column":4},"end":{"line":690,"column":17}},"28":{"start":{"line":693,"column":4},"end":{"line":701,"column":5}},"29":{"start":{"line":700,"column":8},"end":{"line":700,"column":20}},"30":{"start":{"line":702,"column":4},"end":{"line":702,"column":17}},"31":{"start":{"line":705,"column":4},"end":{"line":709,"column":5}},"32":{"start":{"line":708,"column":8},"end":{"line":708,"column":20}},"33":{"start":{"line":710,"column":4},"end":{"line":710,"column":16}},"34":{"start":{"line":713,"column":4},"end":{"line":727,"column":5}},"35":{"start":{"line":721,"column":8},"end":{"line":726,"column":9}},"36":{"start":{"line":725,"column":12},"end":{"line":725,"column":24}},"37":{"start":{"line":728,"column":4},"end":{"line":728,"column":17}},"38":{"start":{"line":732,"column":4},"end":{"line":737,"column":5}},"39":{"start":{"line":736,"column":8},"end":{"line":736,"column":20}},"40":{"start":{"line":738,"column":4},"end":{"line":738,"column":17}},"41":{"start":{"line":741,"column":4},"end":{"line":746,"column":5}},"42":{"start":{"line":745,"column":8},"end":{"line":745,"column":20}},"43":{"start":{"line":747,"column":4},"end":{"line":747,"column":17}},"44":{"start":{"line":750,"column":4},"end":{"line":756,"column":5}},"45":{"start":{"line":755,"column":8},"end":{"line":755,"column":20}},"46":{"start":{"line":757,"column":4},"end":{"line":757,"column":17}},"47":{"start":{"line":760,"column":4},"end":{"line":765,"column":5}},"48":{"start":{"line":764,"column":8},"end":{"line":764,"column":20}},"49":{"start":{"line":766,"column":4},"end":{"line":766,"column":17}},"50":{"start":{"line":769,"column":4},"end":{"line":775,"column":5}},"51":{"start":{"line":774,"column":8},"end":{"line":774,"column":20}},"52":{"start":{"line":776,"column":4},"end":{"line":776,"column":17}},"53":{"start":{"line":779,"column":4},"end":{"line":803,"column":5}},"54":{"start":{"line":792,"column":25},"end":{"line":792,"column":58}},"55":{"start":{"line":793,"column":25},"end":{"line":793,"column":92}},"56":{"start":{"line":794,"column":25},"end":{"line":794,"column":91}},"57":{"start":{"line":795,"column":26},"end":{"line":795,"column":95}},"58":{"start":{"line":797,"column":8},"end":{"line":802,"column":9}},"59":{"start":{"line":801,"column":12},"end":{"line":801,"column":24}},"60":{"start":{"line":804,"column":4},"end":{"line":804,"column":17}},"61":{"start":{"line":808,"column":4},"end":{"line":812,"column":5}},"62":{"start":{"line":810,"column":33},"end":{"line":810,"column":69}},"63":{"start":{"line":811,"column":8},"end":{"line":811,"column":42}},"64":{"start":{"line":811,"column":30},"end":{"line":811,"column":42}},"65":{"start":{"line":813,"column":4},"end":{"line":813,"column":17}},"66":{"start":{"line":818,"column":4},"end":{"line":868,"column":5}},"67":{"start":{"line":842,"column":42},"end":{"line":842,"column":113}},"68":{"start":{"line":843,"column":41},"end":{"line":843,"column":104}},"69":{"start":{"line":844,"column":40},"end":{"line":844,"column":155}},"70":{"start":{"line":845,"column":41},"end":{"line":845,"column":160}},"71":{"start":{"line":847,"column":12},"end":{"line":849,"column":13}},"72":{"start":{"line":848,"column":16},"end":{"line":848,"column":102}},"73":{"start":{"line":850,"column":12},"end":{"line":850,"column":24}},"74":{"start":{"line":853,"column":12},"end":{"line":855,"column":13}},"75":{"start":{"line":854,"column":16},"end":{"line":854,"column":103}},"76":{"start":{"line":856,"column":12},"end":{"line":856,"column":24}},"77":{"start":{"line":858,"column":8},"end":{"line":866,"column":9}},"78":{"start":{"line":865,"column":12},"end":{"line":865,"column":24}},"79":{"start":{"line":867,"column":8},"end":{"line":867,"column":21}},"80":{"start":{"line":869,"column":4},"end":{"line":869,"column":17}},"81":{"start":{"line":872,"column":4},"end":{"line":872,"column":46}},"82":{"start":{"line":872,"column":33},"end":{"line":872,"column":46}},"83":{"start":{"line":873,"column":4},"end":{"line":876,"column":5}},"84":{"start":{"line":874,"column":8},"end":{"line":874,"column":71}},"85":{"start":{"line":874,"column":58},"end":{"line":874,"column":71}},"86":{"start":{"line":875,"column":8},"end":{"line":875,"column":95}},"87":{"start":{"line":875,"column":82},"end":{"line":875,"column":95}},"88":{"start":{"line":877,"column":4},"end":{"line":877,"column":16}},"89":{"start":{"line":882,"column":16},"end":{"line":882,"column":26}},"90":{"start":{"line":883,"column":4},"end":{"line":883,"column":46}},"91":{"start":{"line":886,"column":17},"end":{"line":886,"column":37}},"92":{"start":{"line":887,"column":18},"end":{"line":887,"column":64}},"93":{"start":{"line":888,"column":16},"end":{"line":888,"column":57}},"94":{"start":{"line":889,"column":18},"end":{"line":889,"column":60}},"95":{"start":{"line":890,"column":20},"end":{"line":890,"column":64}},"96":{"start":{"line":891,"column":20},"end":{"line":891,"column":64}},"97":{"start":{"line":892,"column":25},"end":{"line":892,"column":74}},"98":{"start":{"line":893,"column":4},"end":{"line":893,"column":85}},"99":{"start":{"line":901,"column":21},"end":{"line":904,"column":6}},"100":{"start":{"line":905,"column":4},"end":{"line":905,"column":33}},"101":{"start":{"line":908,"column":21},"end":{"line":911,"column":27}},"102":{"start":{"line":912,"column":4},"end":{"line":912,"column":38}},"103":{"start":{"line":915,"column":21},"end":{"line":917,"column":38}},"104":{"start":{"line":918,"column":4},"end":{"line":918,"column":33}},"105":{"start":{"line":921,"column":21},"end":{"line":924,"column":27}},"106":{"start":{"line":925,"column":4},"end":{"line":925,"column":36}},"107":{"start":{"line":928,"column":21},"end":{"line":931,"column":27}},"108":{"start":{"line":932,"column":4},"end":{"line":932,"column":38}},"109":{"start":{"line":935,"column":21},"end":{"line":938,"column":27}},"110":{"start":{"line":939,"column":4},"end":{"line":939,"column":38}},"111":{"start":{"line":942,"column":21},"end":{"line":945,"column":27}},"112":{"start":{"line":946,"column":4},"end":{"line":946,"column":38}},"113":{"start":{"line":949,"column":21},"end":{"line":952,"column":27}},"114":{"start":{"line":953,"column":4},"end":{"line":953,"column":37}},"115":{"start":{"line":956,"column":21},"end":{"line":959,"column":27}},"116":{"start":{"line":960,"column":4},"end":{"line":960,"column":47}},"117":{"start":{"line":963,"column":21},"end":{"line":966,"column":27}},"118":{"start":{"line":967,"column":4},"end":{"line":967,"column":42}},"119":{"start":{"line":970,"column":21},"end":{"line":973,"column":27}},"120":{"start":{"line":974,"column":4},"end":{"line":974,"column":41}},"121":{"start":{"line":977,"column":0},"end":{"line":1008,"column":1}}},"fnMap":{"0":{"name":"isClientValid","decl":{"start":{"line":613,"column":9},"end":{"line":613,"column":22}},"loc":{"start":{"line":613,"column":31},"end":{"line":625,"column":1}},"line":613},"1":{"name":"isAssociatedClientValid","decl":{"start":{"line":626,"column":9},"end":{"line":626,"column":32}},"loc":{"start":{"line":626,"column":41},"end":{"line":633,"column":1}},"line":626},"2":{"name":"isSpecificClientValid","decl":{"start":{"line":634,"column":9},"end":{"line":634,"column":30}},"loc":{"start":{"line":634,"column":39},"end":{"line":647,"column":1}},"line":634},"3":{"name":"isCompanyValid","decl":{"start":{"line":648,"column":9},"end":{"line":648,"column":23}},"loc":{"start":{"line":648,"column":33},"end":{"line":657,"column":1}},"line":648},"4":{"name":"isAssociatedCompanyValid","decl":{"start":{"line":658,"column":9},"end":{"line":658,"column":33}},"loc":{"start":{"line":658,"column":43},"end":{"line":665,"column":1}},"line":658},"5":{"name":"isSpecificCompanyValid","decl":{"start":{"line":666,"column":9},"end":{"line":666,"column":31}},"loc":{"start":{"line":666,"column":41},"end":{"line":678,"column":1}},"line":666},"6":{"name":"isSpecificAddressValid","decl":{"start":{"line":679,"column":9},"end":{"line":679,"column":31}},"loc":{"start":{"line":679,"column":41},"end":{"line":691,"column":1}},"line":679},"7":{"name":"isEmployeeValid","decl":{"start":{"line":692,"column":9},"end":{"line":692,"column":24}},"loc":{"start":{"line":692,"column":35},"end":{"line":703,"column":1}},"line":692},"8":{"name":"isAssociatedEmployeeValid","decl":{"start":{"line":704,"column":9},"end":{"line":704,"column":34}},"loc":{"start":{"line":704,"column":45},"end":{"line":711,"column":1}},"line":704},"9":{"name":"isSpecificEmployeeValid","decl":{"start":{"line":712,"column":9},"end":{"line":712,"column":32}},"loc":{"start":{"line":712,"column":42},"end":{"line":729,"column":1}},"line":712},"10":{"name":"isPositionValid","decl":{"start":{"line":731,"column":9},"end":{"line":731,"column":24}},"loc":{"start":{"line":731,"column":35},"end":{"line":739,"column":1}},"line":731},"11":{"name":"isMaterialValid","decl":{"start":{"line":740,"column":9},"end":{"line":740,"column":24}},"loc":{"start":{"line":740,"column":35},"end":{"line":748,"column":1}},"line":740},"12":{"name":"isSpecificMaterialValid","decl":{"start":{"line":749,"column":9},"end":{"line":749,"column":32}},"loc":{"start":{"line":749,"column":43},"end":{"line":758,"column":1}},"line":749},"13":{"name":"isProductValid","decl":{"start":{"line":759,"column":9},"end":{"line":759,"column":23}},"loc":{"start":{"line":759,"column":33},"end":{"line":767,"column":1}},"line":759},"14":{"name":"isSpecificProductValid","decl":{"start":{"line":768,"column":9},"end":{"line":768,"column":31}},"loc":{"start":{"line":768,"column":41},"end":{"line":777,"column":1}},"line":768},"15":{"name":"isConditionValid","decl":{"start":{"line":778,"column":9},"end":{"line":778,"column":25}},"loc":{"start":{"line":778,"column":37},"end":{"line":805,"column":1}},"line":778},"16":{"name":"isRuleValid","decl":{"start":{"line":807,"column":9},"end":{"line":807,"column":20}},"loc":{"start":{"line":807,"column":27},"end":{"line":814,"column":1}},"line":807},"17":{"name":"isTransactionValid","decl":{"start":{"line":817,"column":9},"end":{"line":817,"column":27}},"loc":{"start":{"line":817,"column":54},"end":{"line":870,"column":1}},"line":817},"18":{"name":"isAddressValid","decl":{"start":{"line":846,"column":17},"end":{"line":846,"column":31}},"loc":{"start":{"line":846,"column":33},"end":{"line":851,"column":9}},"line":846},"19":{"name":"isEmployeeValid","decl":{"start":{"line":852,"column":17},"end":{"line":852,"column":32}},"loc":{"start":{"line":852,"column":35},"end":{"line":857,"column":9}},"line":852},"20":{"name":"isSearchTargetValid","decl":{"start":{"line":871,"column":9},"end":{"line":871,"column":28}},"loc":{"start":{"line":871,"column":38},"end":{"line":878,"column":1}},"line":871},"21":{"name":"getFutureDate","decl":{"start":{"line":881,"column":9},"end":{"line":881,"column":22}},"loc":{"start":{"line":881,"column":37},"end":{"line":894,"column":1}},"line":881},"22":{"name":"getTestSession","decl":{"start":{"line":900,"column":15},"end":{"line":900,"column":29}},"loc":{"start":{"line":900,"column":34},"end":{"line":906,"column":1}},"line":900},"23":{"name":"getTestCompany","decl":{"start":{"line":907,"column":15},"end":{"line":907,"column":29}},"loc":{"start":{"line":907,"column":43},"end":{"line":913,"column":1}},"line":907},"24":{"name":"getTestSpecificCompany","decl":{"start":{"line":914,"column":15},"end":{"line":914,"column":37}},"loc":{"start":{"line":914,"column":55},"end":{"line":919,"column":1}},"line":914},"25":{"name":"getTestClient","decl":{"start":{"line":920,"column":15},"end":{"line":920,"column":28}},"loc":{"start":{"line":920,"column":42},"end":{"line":926,"column":1}},"line":920},"26":{"name":"getTestEmployee","decl":{"start":{"line":927,"column":15},"end":{"line":927,"column":30}},"loc":{"start":{"line":927,"column":44},"end":{"line":933,"column":1}},"line":927},"27":{"name":"getTestPosition","decl":{"start":{"line":934,"column":15},"end":{"line":934,"column":30}},"loc":{"start":{"line":934,"column":44},"end":{"line":940,"column":1}},"line":934},"28":{"name":"getTestMaterial","decl":{"start":{"line":941,"column":15},"end":{"line":941,"column":30}},"loc":{"start":{"line":941,"column":44},"end":{"line":947,"column":1}},"line":941},"29":{"name":"getTestProduct","decl":{"start":{"line":948,"column":15},"end":{"line":948,"column":29}},"loc":{"start":{"line":948,"column":43},"end":{"line":954,"column":1}},"line":948},"30":{"name":"getTestPricingCondition","decl":{"start":{"line":955,"column":15},"end":{"line":955,"column":38}},"loc":{"start":{"line":955,"column":52},"end":{"line":961,"column":1}},"line":955},"31":{"name":"getTestPricingRule","decl":{"start":{"line":962,"column":15},"end":{"line":962,"column":33}},"loc":{"start":{"line":962,"column":47},"end":{"line":968,"column":1}},"line":962},"32":{"name":"getTestTransaction","decl":{"start":{"line":969,"column":15},"end":{"line":969,"column":33}},"loc":{"start":{"line":969,"column":47},"end":{"line":975,"column":1}},"line":969}},"branchMap":{"0":{"loc":{"start":{"line":2,"column":10},"end":{"line":2,"column":74}},"type":"cond-expr","locations":[{"start":{"line":2,"column":50},"end":{"line":2,"column":61}},{"start":{"line":2,"column":63},"end":{"line":2,"column":74}}],"line":2},"1":{"loc":{"start":{"line":614,"column":4},"end":{"line":623,"column":5}},"type":"if","locations":[{"start":{"line":614,"column":4},"end":{"line":623,"column":5}},{"start":{},"end":{}}],"line":614},"2":{"loc":{"start":{"line":614,"column":8},"end":{"line":620,"column":27}},"type":"binary-expr","locations":[{"start":{"line":614,"column":8},"end":{"line":614,"column":22}},{"start":{"line":615,"column":8},"end":{"line":615,"column":29}},{"start":{"line":616,"column":8},"end":{"line":616,"column":25}},{"start":{"line":617,"column":8},"end":{"line":617,"column":25}},{"start":{"line":618,"column":8},"end":{"line":618,"column":34}},{"start":{"line":619,"column":8},"end":{"line":619,"column":30}},{"start":{"line":620,"column":8},"end":{"line":620,"column":27}}],"line":614},"3":{"loc":{"start":{"line":627,"column":4},"end":{"line":631,"column":5}},"type":"if","locations":[{"start":{"line":627,"column":4},"end":{"line":631,"column":5}},{"start":{},"end":{}}],"line":627},"4":{"loc":{"start":{"line":627,"column":8},"end":{"line":628,"column":29}},"type":"binary-expr","locations":[{"start":{"line":627,"column":8},"end":{"line":627,"column":22}},{"start":{"line":628,"column":8},"end":{"line":628,"column":29}}],"line":627},"5":{"loc":{"start":{"line":635,"column":4},"end":{"line":645,"column":5}},"type":"if","locations":[{"start":{"line":635,"column":4},"end":{"line":645,"column":5}},{"start":{},"end":{}}],"line":635},"6":{"loc":{"start":{"line":635,"column":8},"end":{"line":642,"column":29}},"type":"binary-expr","locations":[{"start":{"line":635,"column":8},"end":{"line":635,"column":22}},{"start":{"line":636,"column":8},"end":{"line":636,"column":29}},{"start":{"line":637,"column":8},"end":{"line":637,"column":25}},{"start":{"line":638,"column":8},"end":{"line":638,"column":25}},{"start":{"line":639,"column":8},"end":{"line":639,"column":34}},{"start":{"line":640,"column":8},"end":{"line":640,"column":30}},{"start":{"line":641,"column":8},"end":{"line":641,"column":27}},{"start":{"line":642,"column":8},"end":{"line":642,"column":29}}],"line":635},"7":{"loc":{"start":{"line":649,"column":4},"end":{"line":655,"column":5}},"type":"if","locations":[{"start":{"line":649,"column":4},"end":{"line":655,"column":5}},{"start":{},"end":{}}],"line":649},"8":{"loc":{"start":{"line":649,"column":8},"end":{"line":652,"column":26}},"type":"binary-expr","locations":[{"start":{"line":649,"column":8},"end":{"line":649,"column":23}},{"start":{"line":650,"column":8},"end":{"line":650,"column":30}},{"start":{"line":651,"column":8},"end":{"line":651,"column":26}},{"start":{"line":652,"column":8},"end":{"line":652,"column":26}}],"line":649},"9":{"loc":{"start":{"line":659,"column":4},"end":{"line":663,"column":5}},"type":"if","locations":[{"start":{"line":659,"column":4},"end":{"line":663,"column":5}},{"start":{},"end":{}}],"line":659},"10":{"loc":{"start":{"line":659,"column":8},"end":{"line":660,"column":30}},"type":"binary-expr","locations":[{"start":{"line":659,"column":8},"end":{"line":659,"column":23}},{"start":{"line":660,"column":8},"end":{"line":660,"column":30}}],"line":659},"11":{"loc":{"start":{"line":667,"column":4},"end":{"line":676,"column":5}},"type":"if","locations":[{"start":{"line":667,"column":4},"end":{"line":676,"column":5}},{"start":{},"end":{}}],"line":667},"12":{"loc":{"start":{"line":667,"column":8},"end":{"line":673,"column":28}},"type":"binary-expr","locations":[{"start":{"line":667,"column":8},"end":{"line":667,"column":23}},{"start":{"line":668,"column":8},"end":{"line":668,"column":30}},{"start":{"line":669,"column":8},"end":{"line":669,"column":26}},{"start":{"line":670,"column":8},"end":{"line":670,"column":26}},{"start":{"line":671,"column":8},"end":{"line":671,"column":31}},{"start":{"line":672,"column":8},"end":{"line":672,"column":30}},{"start":{"line":673,"column":8},"end":{"line":673,"column":28}}],"line":667},"13":{"loc":{"start":{"line":680,"column":4},"end":{"line":689,"column":5}},"type":"if","locations":[{"start":{"line":680,"column":4},"end":{"line":689,"column":5}},{"start":{},"end":{}}],"line":680},"14":{"loc":{"start":{"line":680,"column":8},"end":{"line":686,"column":29}},"type":"binary-expr","locations":[{"start":{"line":680,"column":8},"end":{"line":680,"column":23}},{"start":{"line":681,"column":8},"end":{"line":681,"column":27}},{"start":{"line":682,"column":8},"end":{"line":682,"column":25}},{"start":{"line":683,"column":8},"end":{"line":683,"column":26}},{"start":{"line":684,"column":8},"end":{"line":684,"column":28}},{"start":{"line":685,"column":8},"end":{"line":685,"column":27}},{"start":{"line":686,"column":8},"end":{"line":686,"column":29}}],"line":680},"15":{"loc":{"start":{"line":693,"column":4},"end":{"line":701,"column":5}},"type":"if","locations":[{"start":{"line":693,"column":4},"end":{"line":701,"column":5}},{"start":{},"end":{}}],"line":693},"16":{"loc":{"start":{"line":693,"column":8},"end":{"line":698,"column":30}},"type":"binary-expr","locations":[{"start":{"line":693,"column":8},"end":{"line":693,"column":24}},{"start":{"line":694,"column":8},"end":{"line":694,"column":26}},{"start":{"line":695,"column":8},"end":{"line":695,"column":36}},{"start":{"line":696,"column":8},"end":{"line":696,"column":32}},{"start":{"line":697,"column":8},"end":{"line":697,"column":27}},{"start":{"line":698,"column":8},"end":{"line":698,"column":30}}],"line":693},"17":{"loc":{"start":{"line":705,"column":4},"end":{"line":709,"column":5}},"type":"if","locations":[{"start":{"line":705,"column":4},"end":{"line":709,"column":5}},{"start":{},"end":{}}],"line":705},"18":{"loc":{"start":{"line":705,"column":8},"end":{"line":706,"column":26}},"type":"binary-expr","locations":[{"start":{"line":705,"column":8},"end":{"line":705,"column":24}},{"start":{"line":706,"column":8},"end":{"line":706,"column":26}}],"line":705},"19":{"loc":{"start":{"line":713,"column":4},"end":{"line":727,"column":5}},"type":"if","locations":[{"start":{"line":713,"column":4},"end":{"line":727,"column":5}},{"start":{},"end":{}}],"line":713},"20":{"loc":{"start":{"line":713,"column":8},"end":{"line":719,"column":30}},"type":"binary-expr","locations":[{"start":{"line":713,"column":8},"end":{"line":713,"column":24}},{"start":{"line":714,"column":8},"end":{"line":714,"column":26}},{"start":{"line":715,"column":8},"end":{"line":715,"column":27}},{"start":{"line":716,"column":8},"end":{"line":716,"column":36}},{"start":{"line":717,"column":8},"end":{"line":717,"column":32}},{"start":{"line":718,"column":8},"end":{"line":718,"column":27}},{"start":{"line":719,"column":8},"end":{"line":719,"column":30}}],"line":713},"21":{"loc":{"start":{"line":721,"column":8},"end":{"line":726,"column":9}},"type":"if","locations":[{"start":{"line":721,"column":8},"end":{"line":726,"column":9}},{"start":{},"end":{}}],"line":721},"22":{"loc":{"start":{"line":721,"column":12},"end":{"line":723,"column":47}},"type":"binary-expr","locations":[{"start":{"line":721,"column":12},"end":{"line":721,"column":37}},{"start":{"line":722,"column":12},"end":{"line":722,"column":39}},{"start":{"line":723,"column":12},"end":{"line":723,"column":47}}],"line":721},"23":{"loc":{"start":{"line":732,"column":4},"end":{"line":737,"column":5}},"type":"if","locations":[{"start":{"line":732,"column":4},"end":{"line":737,"column":5}},{"start":{},"end":{}}],"line":732},"24":{"loc":{"start":{"line":732,"column":8},"end":{"line":734,"column":34}},"type":"binary-expr","locations":[{"start":{"line":732,"column":8},"end":{"line":732,"column":24}},{"start":{"line":733,"column":8},"end":{"line":733,"column":26}},{"start":{"line":734,"column":8},"end":{"line":734,"column":34}}],"line":732},"25":{"loc":{"start":{"line":741,"column":4},"end":{"line":746,"column":5}},"type":"if","locations":[{"start":{"line":741,"column":4},"end":{"line":746,"column":5}},{"start":{},"end":{}}],"line":741},"26":{"loc":{"start":{"line":741,"column":8},"end":{"line":743,"column":29}},"type":"binary-expr","locations":[{"start":{"line":741,"column":8},"end":{"line":741,"column":24}},{"start":{"line":742,"column":8},"end":{"line":742,"column":29}},{"start":{"line":743,"column":8},"end":{"line":743,"column":29}}],"line":741},"27":{"loc":{"start":{"line":750,"column":4},"end":{"line":756,"column":5}},"type":"if","locations":[{"start":{"line":750,"column":4},"end":{"line":756,"column":5}},{"start":{},"end":{}}],"line":750},"28":{"loc":{"start":{"line":750,"column":8},"end":{"line":753,"column":34}},"type":"binary-expr","locations":[{"start":{"line":750,"column":8},"end":{"line":750,"column":24}},{"start":{"line":751,"column":8},"end":{"line":751,"column":29}},{"start":{"line":752,"column":8},"end":{"line":752,"column":29}},{"start":{"line":753,"column":8},"end":{"line":753,"column":34}}],"line":750},"29":{"loc":{"start":{"line":760,"column":4},"end":{"line":765,"column":5}},"type":"if","locations":[{"start":{"line":760,"column":4},"end":{"line":765,"column":5}},{"start":{},"end":{}}],"line":760},"30":{"loc":{"start":{"line":760,"column":8},"end":{"line":762,"column":28}},"type":"binary-expr","locations":[{"start":{"line":760,"column":8},"end":{"line":760,"column":23}},{"start":{"line":761,"column":8},"end":{"line":761,"column":28}},{"start":{"line":762,"column":8},"end":{"line":762,"column":28}}],"line":760},"31":{"loc":{"start":{"line":769,"column":4},"end":{"line":775,"column":5}},"type":"if","locations":[{"start":{"line":769,"column":4},"end":{"line":775,"column":5}},{"start":{},"end":{}}],"line":769},"32":{"loc":{"start":{"line":769,"column":8},"end":{"line":772,"column":33}},"type":"binary-expr","locations":[{"start":{"line":769,"column":8},"end":{"line":769,"column":23}},{"start":{"line":770,"column":8},"end":{"line":770,"column":28}},{"start":{"line":771,"column":8},"end":{"line":771,"column":28}},{"start":{"line":772,"column":8},"end":{"line":772,"column":33}}],"line":769},"33":{"loc":{"start":{"line":779,"column":4},"end":{"line":803,"column":5}},"type":"if","locations":[{"start":{"line":779,"column":4},"end":{"line":803,"column":5}},{"start":{},"end":{}}],"line":779},"34":{"loc":{"start":{"line":779,"column":8},"end":{"line":789,"column":30}},"type":"binary-expr","locations":[{"start":{"line":779,"column":8},"end":{"line":779,"column":25}},{"start":{"line":780,"column":8},"end":{"line":780,"column":31}},{"start":{"line":781,"column":8},"end":{"line":781,"column":27}},{"start":{"line":782,"column":8},"end":{"line":782,"column":32}},{"start":{"line":783,"column":8},"end":{"line":783,"column":36}},{"start":{"line":784,"column":8},"end":{"line":784,"column":29}},{"start":{"line":785,"column":8},"end":{"line":785,"column":32}},{"start":{"line":786,"column":8},"end":{"line":786,"column":30}},{"start":{"line":787,"column":8},"end":{"line":787,"column":32}},{"start":{"line":788,"column":8},"end":{"line":788,"column":29}},{"start":{"line":789,"column":8},"end":{"line":789,"column":30}}],"line":779},"35":{"loc":{"start":{"line":793,"column":25},"end":{"line":793,"column":92}},"type":"cond-expr","locations":[{"start":{"line":793,"column":46},"end":{"line":793,"column":85}},{"start":{"line":793,"column":88},"end":{"line":793,"column":92}}],"line":793},"36":{"loc":{"start":{"line":794,"column":25},"end":{"line":794,"column":91}},"type":"cond-expr","locations":[{"start":{"line":794,"column":43},"end":{"line":794,"column":84}},{"start":{"line":794,"column":87},"end":{"line":794,"column":91}}],"line":794},"37":{"loc":{"start":{"line":795,"column":26},"end":{"line":795,"column":95}},"type":"cond-expr","locations":[{"start":{"line":795,"column":45},"end":{"line":795,"column":88}},{"start":{"line":795,"column":91},"end":{"line":795,"column":95}}],"line":795},"38":{"loc":{"start":{"line":797,"column":8},"end":{"line":802,"column":9}},"type":"if","locations":[{"start":{"line":797,"column":8},"end":{"line":802,"column":9}},{"start":{},"end":{}}],"line":797},"39":{"loc":{"start":{"line":797,"column":12},"end":{"line":800,"column":21}},"type":"binary-expr","locations":[{"start":{"line":797,"column":12},"end":{"line":797,"column":20}},{"start":{"line":798,"column":12},"end":{"line":798,"column":20}},{"start":{"line":799,"column":12},"end":{"line":799,"column":20}},{"start":{"line":800,"column":12},"end":{"line":800,"column":21}}],"line":797},"40":{"loc":{"start":{"line":808,"column":4},"end":{"line":812,"column":5}},"type":"if","locations":[{"start":{"line":808,"column":4},"end":{"line":812,"column":5}},{"start":{},"end":{}}],"line":808},"41":{"loc":{"start":{"line":808,"column":8},"end":{"line":809,"column":32}},"type":"binary-expr","locations":[{"start":{"line":808,"column":8},"end":{"line":808,"column":20}},{"start":{"line":809,"column":8},"end":{"line":809,"column":32}}],"line":808},"42":{"loc":{"start":{"line":811,"column":8},"end":{"line":811,"column":42}},"type":"if","locations":[{"start":{"line":811,"column":8},"end":{"line":811,"column":42}},{"start":{},"end":{}}],"line":811},"43":{"loc":{"start":{"line":818,"column":4},"end":{"line":868,"column":5}},"type":"if","locations":[{"start":{"line":818,"column":4},"end":{"line":868,"column":5}},{"start":{},"end":{}}],"line":818},"44":{"loc":{"start":{"line":818,"column":8},"end":{"line":840,"column":31}},"type":"binary-expr","locations":[{"start":{"line":818,"column":8},"end":{"line":818,"column":41}},{"start":{"line":819,"column":8},"end":{"line":819,"column":38}},{"start":{"line":820,"column":8},"end":{"line":820,"column":38}},{"start":{"line":821,"column":8},"end":{"line":821,"column":31}},{"start":{"line":822,"column":8},"end":{"line":822,"column":27}},{"start":{"line":823,"column":8},"end":{"line":823,"column":29}},{"start":{"line":824,"column":8},"end":{"line":824,"column":33}},{"start":{"line":825,"column":8},"end":{"line":825,"column":39}},{"start":{"line":826,"column":8},"end":{"line":826,"column":31}},{"start":{"line":827,"column":8},"end":{"line":827,"column":29}},{"start":{"line":828,"column":8},"end":{"line":828,"column":31}},{"start":{"line":829,"column":8},"end":{"line":829,"column":32}},{"start":{"line":830,"column":8},"end":{"line":830,"column":32}},{"start":{"line":831,"column":8},"end":{"line":831,"column":30}},{"start":{"line":832,"column":8},"end":{"line":832,"column":31}},{"start":{"line":833,"column":8},"end":{"line":833,"column":31}},{"start":{"line":834,"column":8},"end":{"line":834,"column":29}},{"start":{"line":835,"column":8},"end":{"line":835,"column":38}},{"start":{"line":836,"column":8},"end":{"line":836,"column":34}},{"start":{"line":837,"column":8},"end":{"line":837,"column":34}},{"start":{"line":838,"column":8},"end":{"line":838,"column":32}},{"start":{"line":839,"column":8},"end":{"line":839,"column":32}},{"start":{"line":840,"column":8},"end":{"line":840,"column":31}}],"line":818},"45":{"loc":{"start":{"line":842,"column":42},"end":{"line":842,"column":113}},"type":"cond-expr","locations":[{"start":{"line":842,"column":65},"end":{"line":842,"column":106}},{"start":{"line":842,"column":109},"end":{"line":842,"column":113}}],"line":842},"46":{"loc":{"start":{"line":843,"column":41},"end":{"line":843,"column":104}},"type":"cond-expr","locations":[{"start":{"line":843,"column":62},"end":{"line":843,"column":97}},{"start":{"line":843,"column":100},"end":{"line":843,"column":104}}],"line":843},"47":{"loc":{"start":{"line":844,"column":40},"end":{"line":844,"column":155}},"type":"cond-expr","locations":[{"start":{"line":844,"column":105},"end":{"line":844,"column":148}},{"start":{"line":844,"column":151},"end":{"line":844,"column":155}}],"line":844},"48":{"loc":{"start":{"line":844,"column":41},"end":{"line":844,"column":101}},"type":"binary-expr","locations":[{"start":{"line":844,"column":41},"end":{"line":844,"column":59}},{"start":{"line":844,"column":63},"end":{"line":844,"column":101}}],"line":844},"49":{"loc":{"start":{"line":845,"column":41},"end":{"line":845,"column":160}},"type":"cond-expr","locations":[{"start":{"line":845,"column":108},"end":{"line":845,"column":153}},{"start":{"line":845,"column":156},"end":{"line":845,"column":160}}],"line":845},"50":{"loc":{"start":{"line":845,"column":42},"end":{"line":845,"column":104}},"type":"binary-expr","locations":[{"start":{"line":845,"column":42},"end":{"line":845,"column":61}},{"start":{"line":845,"column":65},"end":{"line":845,"column":104}}],"line":845},"51":{"loc":{"start":{"line":847,"column":12},"end":{"line":849,"column":13}},"type":"if","locations":[{"start":{"line":847,"column":12},"end":{"line":849,"column":13}},{"start":{},"end":{}}],"line":847},"52":{"loc":{"start":{"line":848,"column":23},"end":{"line":848,"column":101}},"type":"cond-expr","locations":[{"start":{"line":848,"column":46},"end":{"line":848,"column":94}},{"start":{"line":848,"column":97},"end":{"line":848,"column":101}}],"line":848},"53":{"loc":{"start":{"line":853,"column":12},"end":{"line":855,"column":13}},"type":"if","locations":[{"start":{"line":853,"column":12},"end":{"line":855,"column":13}},{"start":{},"end":{}}],"line":853},"54":{"loc":{"start":{"line":854,"column":23},"end":{"line":854,"column":102}},"type":"cond-expr","locations":[{"start":{"line":854,"column":45},"end":{"line":854,"column":95}},{"start":{"line":854,"column":98},"end":{"line":854,"column":102}}],"line":854},"55":{"loc":{"start":{"line":858,"column":8},"end":{"line":866,"column":9}},"type":"if","locations":[{"start":{"line":858,"column":8},"end":{"line":866,"column":9}},{"start":{},"end":{}}],"line":858},"56":{"loc":{"start":{"line":858,"column":12},"end":{"line":863,"column":29}},"type":"binary-expr","locations":[{"start":{"line":858,"column":12},"end":{"line":858,"column":37}},{"start":{"line":859,"column":12},"end":{"line":859,"column":36}},{"start":{"line":860,"column":12},"end":{"line":860,"column":35}},{"start":{"line":861,"column":12},"end":{"line":861,"column":36}},{"start":{"line":862,"column":12},"end":{"line":862,"column":28}},{"start":{"line":863,"column":12},"end":{"line":863,"column":29}}],"line":858},"57":{"loc":{"start":{"line":872,"column":4},"end":{"line":872,"column":46}},"type":"if","locations":[{"start":{"line":872,"column":4},"end":{"line":872,"column":46}},{"start":{},"end":{}}],"line":872},"58":{"loc":{"start":{"line":874,"column":8},"end":{"line":874,"column":71}},"type":"if","locations":[{"start":{"line":874,"column":8},"end":{"line":874,"column":71}},{"start":{},"end":{}}],"line":874},"59":{"loc":{"start":{"line":874,"column":12},"end":{"line":874,"column":56}},"type":"binary-expr","locations":[{"start":{"line":874,"column":12},"end":{"line":874,"column":33}},{"start":{"line":874,"column":37},"end":{"line":874,"column":56}}],"line":874},"60":{"loc":{"start":{"line":875,"column":8},"end":{"line":875,"column":95}},"type":"if","locations":[{"start":{"line":875,"column":8},"end":{"line":875,"column":95}},{"start":{},"end":{}}],"line":875}},"s":{"0":13,"1":13,"2":13,"3":13,"4":13,"5":13,"6":13,"7":9,"8":9,"9":0,"10":16,"11":16,"12":0,"13":2,"14":2,"15":0,"16":6,"17":6,"18":0,"19":7,"20":7,"21":0,"22":2,"23":2,"24":0,"25":3,"26":3,"27":0,"28":9,"29":9,"30":0,"31":1,"32":1,"33":0,"34":2,"35":2,"36":2,"37":0,"38":5,"39":5,"40":0,"41":31,"42":31,"43":0,"44":2,"45":2,"46":0,"47":45,"48":45,"49":0,"50":2,"51":2,"52":0,"53":20,"54":20,"55":20,"56":20,"57":20,"58":20,"59":20,"60":0,"61":6,"62":6,"63":6,"64":6,"65":0,"66":20,"67":20,"68":20,"69":20,"70":20,"71":20,"72":2,"73":18,"74":20,"75":2,"76":18,"77":20,"78":20,"79":0,"80":0,"81":9,"82":0,"83":9,"84":55,"85":0,"86":55,"87":0,"88":9,"89":13,"90":13,"91":13,"92":13,"93":13,"94":13,"95":13,"96":13,"97":13,"98":13,"99":11,"100":11,"101":3,"102":3,"103":1,"104":1,"105":6,"106":6,"107":2,"108":2,"109":2,"110":2,"111":4,"112":4,"113":4,"114":4,"115":1,"116":1,"117":1,"118":1,"119":1,"120":1,"121":13},"f":{"0":9,"1":16,"2":2,"3":6,"4":7,"5":2,"6":3,"7":9,"8":1,"9":2,"10":5,"11":31,"12":2,"13":45,"14":2,"15":20,"16":6,"17":20,"18":20,"19":20,"20":9,"21":13,"22":11,"23":3,"24":1,"25":6,"26":2,"27":2,"28":4,"29":4,"30":1,"31":1,"32":1},"b":{"0":[0,13],"1":[9,0],"2":[9,9,9,9,9,9,9],"3":[16,0],"4":[16,16],"5":[2,0],"6":[2,2,2,2,2,2,2,2],"7":[6,0],"8":[6,6,6,6],"9":[7,0],"10":[7,7],"11":[2,0],"12":[2,2,2,2,2,2,2],"13":[3,0],"14":[3,3,3,3,3,3,3],"15":[9,0],"16":[9,9,9,9,9,9],"17":[1,0],"18":[1,1],"19":[2,0],"20":[2,2,2,2,2,2,2],"21":[2,0],"22":[2,2,2],"23":[5,0],"24":[5,5,5],"25":[31,0],"26":[31,31,31],"27":[2,0],"28":[2,2,2,2],"29":[45,0],"30":[45,45,45],"31":[2,0],"32":[2,2,2,2],"33":[20,0],"34":[20,20,20,20,20,20,20,20,20,20,20],"35":[7,13],"36":[14,6],"37":[5,15],"38":[20,0],"39":[20,20,20,20],"40":[6,0],"41":[6,6],"42":[6,0],"43":[20,0],"44":[20,20,20,20,20,20,20,20,20,20,20,20,20,20,20,20,20,20,20,20,20,20,20],"45":[19,1],"46":[20,0],"47":[2,18],"48":[20,20],"49":[2,18],"50":[20,18],"51":[2,18],"52":[1,1],"53":[2,18],"54":[1,1],"55":[20,0],"56":[20,20,20,20,20,20],"57":[0,9],"58":[0,55],"59":[55,55],"60":[0,55]},"_coverageSchema":"1a1c01bbd47fc00a2c39e90264f33305004495a9","hash":"bc44dc20c6bac8c80a3472a8e038a01edbed8d44"}
}
