TN:
SF:config/devDefault.js
FNF:0
FNH:0
DA:1,13
LF:1
LH:1
BRF:0
BRH:0
end_of_record
TN:
SF:utils/AuthMiddleware.js
FN:6,AuthenticationLogger
FN:11,(anonymous_1)
FN:34,isTokenExpired
FNF:3
FNH:1
FNDA:0,AuthenticationLogger
FNDA:0,(anonymous_1)
FNDA:1,isTokenExpired
DA:2,1
DA:3,1
DA:4,1
DA:7,0
DA:8,0
DA:9,0
DA:11,0
DA:12,0
DA:13,0
DA:15,0
DA:16,0
DA:19,0
DA:20,0
DA:21,0
DA:25,0
DA:26,0
DA:27,0
DA:29,0
DA:30,0
DA:35,1
DA:36,1
DA:37,1
DA:38,1
DA:40,0
DA:41,0
DA:45,1
LF:26
LH:8
BRDA:8,0,0,0
BRDA:8,0,1,0
BRDA:8,1,0,0
BRDA:8,1,1,0
BRDA:12,2,0,0
BRDA:12,2,1,0
BRDA:13,3,0,0
BRDA:13,3,1,0
BRDA:16,4,0,0
BRDA:16,4,1,0
BRDA:19,5,0,0
BRDA:19,5,1,0
BRDA:20,6,0,0
BRDA:20,6,1,0
BRDA:25,7,0,0
BRDA:25,7,1,0
BRF:16
BRH:0
end_of_record
TN:
SF:utils/Configurator.js
FN:10,(anonymous_0)
FN:25,getConfiguration
FN:39,getDBconnection
FN:42,closeDBConnection
FNF:4
FNH:2
FNDA:0,(anonymous_0)
FNDA:16,getConfiguration
FNDA:2,getDBconnection
FNDA:0,closeDBConnection
DA:2,13
DA:7,13
DA:8,13
DA:9,13
DA:10,13
DA:11,0
DA:14,13
DA:26,16
DA:27,16
DA:29,0
DA:31,0
DA:33,16
DA:35,0
DA:40,2
DA:43,0
DA:46,13
LF:16
LH:11
BRDA:3,0,0,0
BRDA:3,0,1,13
BRDA:27,1,0,0
BRDA:27,1,1,0
BRDA:27,1,2,16
BRDA:27,1,3,0
BRF:6
BRH:2
end_of_record
TN:
SF:utils/TestTools.js
FN:613,isClientValid
FN:626,isAssociatedClientValid
FN:634,isSpecificClientValid
FN:648,isCompanyValid
FN:658,isAssociatedCompanyValid
FN:666,isSpecificCompanyValid
FN:679,isSpecificAddressValid
FN:692,isEmployeeValid
FN:704,isAssociatedEmployeeValid
FN:712,isSpecificEmployeeValid
FN:731,isPositionValid
FN:740,isMaterialValid
FN:749,isSpecificMaterialValid
FN:759,isProductValid
FN:768,isSpecificProductValid
FN:778,isConditionValid
FN:807,isRuleValid
FN:817,isTransactionValid
FN:846,isAddressValid
FN:852,isEmployeeValid
FN:871,isSearchTargetValid
FN:881,getFutureDate
FN:900,getTestSession
FN:907,getTestCompany
FN:914,getTestSpecificCompany
FN:920,getTestClient
FN:927,getTestEmployee
FN:934,getTestPosition
FN:941,getTestMaterial
FN:948,getTestProduct
FN:955,getTestPricingCondition
FN:962,getTestPricingRule
FN:969,getTestTransaction
FNF:33
FNH:33
FNDA:9,isClientValid
FNDA:16,isAssociatedClientValid
FNDA:2,isSpecificClientValid
FNDA:6,isCompanyValid
FNDA:7,isAssociatedCompanyValid
FNDA:2,isSpecificCompanyValid
FNDA:3,isSpecificAddressValid
FNDA:9,isEmployeeValid
FNDA:1,isAssociatedEmployeeValid
FNDA:2,isSpecificEmployeeValid
FNDA:5,isPositionValid
FNDA:31,isMaterialValid
FNDA:2,isSpecificMaterialValid
FNDA:45,isProductValid
FNDA:2,isSpecificProductValid
FNDA:20,isConditionValid
FNDA:6,isRuleValid
FNDA:20,isTransactionValid
FNDA:20,isAddressValid
FNDA:20,isEmployeeValid
FNDA:9,isSearchTargetValid
FNDA:13,getFutureDate
FNDA:11,getTestSession
FNDA:3,getTestCompany
FNDA:1,getTestSpecificCompany
FNDA:6,getTestClient
FNDA:2,getTestEmployee
FNDA:2,getTestPosition
FNDA:4,getTestMaterial
FNDA:4,getTestProduct
FNDA:1,getTestPricingCondition
FNDA:1,getTestPricingRule
FNDA:1,getTestTransaction
DA:1,13
DA:4,13
DA:5,13
DA:6,13
DA:9,13
DA:20,13
DA:362,13
DA:614,9
DA:622,9
DA:624,0
DA:627,16
DA:630,16
DA:632,0
DA:635,2
DA:644,2
DA:646,0
DA:649,6
DA:654,6
DA:656,0
DA:659,7
DA:662,7
DA:664,0
DA:667,2
DA:675,2
DA:677,0
DA:680,3
DA:688,3
DA:690,0
DA:693,9
DA:700,9
DA:702,0
DA:705,1
DA:708,1
DA:710,0
DA:713,2
DA:721,2
DA:725,2
DA:728,0
DA:732,5
DA:736,5
DA:738,0
DA:741,31
DA:745,31
DA:747,0
DA:750,2
DA:755,2
DA:757,0
DA:760,45
DA:764,45
DA:766,0
DA:769,2
DA:774,2
DA:776,0
DA:779,20
DA:792,20
DA:793,20
DA:794,20
DA:795,20
DA:797,20
DA:801,20
DA:804,0
DA:808,6
DA:810,6
DA:811,6
DA:813,0
DA:818,20
DA:842,20
DA:843,20
DA:844,20
DA:845,20
DA:847,20
DA:848,2
DA:850,18
DA:853,20
DA:854,2
DA:856,18
DA:858,20
DA:865,20
DA:867,0
DA:869,0
DA:872,9
DA:873,9
DA:874,55
DA:875,55
DA:877,9
DA:882,13
DA:883,13
DA:886,13
DA:887,13
DA:888,13
DA:889,13
DA:890,13
DA:891,13
DA:892,13
DA:893,13
DA:901,11
DA:905,11
DA:908,3
DA:912,3
DA:915,1
DA:918,1
DA:921,6
DA:925,6
DA:928,2
DA:932,2
DA:935,2
DA:939,2
DA:942,4
DA:946,4
DA:949,4
DA:953,4
DA:956,1
DA:960,1
DA:963,1
DA:967,1
DA:970,1
DA:974,1
DA:977,13
LF:118
LH:99
BRDA:2,0,0,0
BRDA:2,0,1,13
BRDA:614,1,0,9
BRDA:614,1,1,0
BRDA:614,2,0,9
BRDA:614,2,1,9
BRDA:614,2,2,9
BRDA:614,2,3,9
BRDA:614,2,4,9
BRDA:614,2,5,9
BRDA:614,2,6,9
BRDA:627,3,0,16
BRDA:627,3,1,0
BRDA:627,4,0,16
BRDA:627,4,1,16
BRDA:635,5,0,2
BRDA:635,5,1,0
BRDA:635,6,0,2
BRDA:635,6,1,2
BRDA:635,6,2,2
BRDA:635,6,3,2
BRDA:635,6,4,2
BRDA:635,6,5,2
BRDA:635,6,6,2
BRDA:635,6,7,2
BRDA:649,7,0,6
BRDA:649,7,1,0
BRDA:649,8,0,6
BRDA:649,8,1,6
BRDA:649,8,2,6
BRDA:649,8,3,6
BRDA:659,9,0,7
BRDA:659,9,1,0
BRDA:659,10,0,7
BRDA:659,10,1,7
BRDA:667,11,0,2
BRDA:667,11,1,0
BRDA:667,12,0,2
BRDA:667,12,1,2
BRDA:667,12,2,2
BRDA:667,12,3,2
BRDA:667,12,4,2
BRDA:667,12,5,2
BRDA:667,12,6,2
BRDA:680,13,0,3
BRDA:680,13,1,0
BRDA:680,14,0,3
BRDA:680,14,1,3
BRDA:680,14,2,3
BRDA:680,14,3,3
BRDA:680,14,4,3
BRDA:680,14,5,3
BRDA:680,14,6,3
BRDA:693,15,0,9
BRDA:693,15,1,0
BRDA:693,16,0,9
BRDA:693,16,1,9
BRDA:693,16,2,9
BRDA:693,16,3,9
BRDA:693,16,4,9
BRDA:693,16,5,9
BRDA:705,17,0,1
BRDA:705,17,1,0
BRDA:705,18,0,1
BRDA:705,18,1,1
BRDA:713,19,0,2
BRDA:713,19,1,0
BRDA:713,20,0,2
BRDA:713,20,1,2
BRDA:713,20,2,2
BRDA:713,20,3,2
BRDA:713,20,4,2
BRDA:713,20,5,2
BRDA:713,20,6,2
BRDA:721,21,0,2
BRDA:721,21,1,0
BRDA:721,22,0,2
BRDA:721,22,1,2
BRDA:721,22,2,2
BRDA:732,23,0,5
BRDA:732,23,1,0
BRDA:732,24,0,5
BRDA:732,24,1,5
BRDA:732,24,2,5
BRDA:741,25,0,31
BRDA:741,25,1,0
BRDA:741,26,0,31
BRDA:741,26,1,31
BRDA:741,26,2,31
BRDA:750,27,0,2
BRDA:750,27,1,0
BRDA:750,28,0,2
BRDA:750,28,1,2
BRDA:750,28,2,2
BRDA:750,28,3,2
BRDA:760,29,0,45
BRDA:760,29,1,0
BRDA:760,30,0,45
BRDA:760,30,1,45
BRDA:760,30,2,45
BRDA:769,31,0,2
BRDA:769,31,1,0
BRDA:769,32,0,2
BRDA:769,32,1,2
BRDA:769,32,2,2
BRDA:769,32,3,2
BRDA:779,33,0,20
BRDA:779,33,1,0
BRDA:779,34,0,20
BRDA:779,34,1,20
BRDA:779,34,2,20
BRDA:779,34,3,20
BRDA:779,34,4,20
BRDA:779,34,5,20
BRDA:779,34,6,20
BRDA:779,34,7,20
BRDA:779,34,8,20
BRDA:779,34,9,20
BRDA:779,34,10,20
BRDA:793,35,0,7
BRDA:793,35,1,13
BRDA:794,36,0,14
BRDA:794,36,1,6
BRDA:795,37,0,5
BRDA:795,37,1,15
BRDA:797,38,0,20
BRDA:797,38,1,0
BRDA:797,39,0,20
BRDA:797,39,1,20
BRDA:797,39,2,20
BRDA:797,39,3,20
BRDA:808,40,0,6
BRDA:808,40,1,0
BRDA:808,41,0,6
BRDA:808,41,1,6
BRDA:811,42,0,6
BRDA:811,42,1,0
BRDA:818,43,0,20
BRDA:818,43,1,0
BRDA:818,44,0,20
BRDA:818,44,1,20
BRDA:818,44,2,20
BRDA:818,44,3,20
BRDA:818,44,4,20
BRDA:818,44,5,20
BRDA:818,44,6,20
BRDA:818,44,7,20
BRDA:818,44,8,20
BRDA:818,44,9,20
BRDA:818,44,10,20
BRDA:818,44,11,20
BRDA:818,44,12,20
BRDA:818,44,13,20
BRDA:818,44,14,20
BRDA:818,44,15,20
BRDA:818,44,16,20
BRDA:818,44,17,20
BRDA:818,44,18,20
BRDA:818,44,19,20
BRDA:818,44,20,20
BRDA:818,44,21,20
BRDA:818,44,22,20
BRDA:842,45,0,19
BRDA:842,45,1,1
BRDA:843,46,0,20
BRDA:843,46,1,0
BRDA:844,47,0,2
BRDA:844,47,1,18
BRDA:844,48,0,20
BRDA:844,48,1,20
BRDA:845,49,0,2
BRDA:845,49,1,18
BRDA:845,50,0,20
BRDA:845,50,1,18
BRDA:847,51,0,2
BRDA:847,51,1,18
BRDA:848,52,0,1
BRDA:848,52,1,1
BRDA:853,53,0,2
BRDA:853,53,1,18
BRDA:854,54,0,1
BRDA:854,54,1,1
BRDA:858,55,0,20
BRDA:858,55,1,0
BRDA:858,56,0,20
BRDA:858,56,1,20
BRDA:858,56,2,20
BRDA:858,56,3,20
BRDA:858,56,4,20
BRDA:858,56,5,20
BRDA:872,57,0,0
BRDA:872,57,1,9
BRDA:874,58,0,0
BRDA:874,58,1,55
BRDA:874,59,0,55
BRDA:874,59,1,55
BRDA:875,60,0,0
BRDA:875,60,1,55
BRF:198
BRH:171
end_of_record
